<?xml version="1.0" encoding="utf-8"?><testsuites><testsuite name="pytest" errors="0" failures="0" skipped="0" tests="3" time="1.000" timestamp="2026-01-05T07:37:48.919092" hostname="khushhal-Vivobook-ASUSLaptop-M6500QC-M6500QC"><testcase classname="examples_rclpy_minimal_publisher.topics.minimal_publisher.test.test_copyright" name="test_copyright" time="0.616" /><testcase classname="examples_rclpy_minimal_publisher.topics.minimal_publisher.test.test_flake8" name="test_flake8" time="0.217" /><testcase classname="examples_rclpy_minimal_publisher.topics.minimal_publisher.test.test_pep257" name="test_pep257" time="0.031" /></testsuite></testsuites>