[0.011s] Invoking command in '/home/khushhal/ros2_ws/build/action_tutorials_cpp': AMENT_PREFIX_PATH=/home/khushhal/ros2_ws/install/action_tutorials_interfaces:${AMENT_PREFIX_PATH} CMAKE_PREFIX_PATH=/home/khushhal/ros2_ws/install/action_tutorials_interfaces:/opt/ros/jazzy/opt/sdformat_vendor:/opt/ros/jazzy/opt/gz_math_vendor:/opt/ros/jazzy/opt/gz_utils_vendor:/opt/ros/jazzy/opt/gz_tools_vendor:/opt/ros/jazzy/opt/gz_cmake_vendor:/opt/ros/jazzy DEBUGINFOD_URLS=https://debuginfod.ubuntu.com LD_LIBRARY_PATH=/home/khushhal/ros2_ws/install/action_tutorials_interfaces/lib:${LD_LIBRARY_PATH} PYTHONPATH=/home/khushhal/ros2_ws/install/action_tutorials_interfaces/lib/python3.12/site-packages:${PYTHONPATH} /usr/bin/cmake --build /home/khushhal/ros2_ws/build/action_tutorials_cpp -- -j12 -l12
[0.065s] [ 50%] Built target fibonacci_action_client
[0.065s] [ 50%] Built target fibonacci_action_server
[0.071s] [ 75%] [32mBuilding CXX object CMakeFiles/action_client.dir/src/fibonacci_action_client.cpp.o[0m
[0.071s] [ 87%] Built target action_server
[2.028s] [01m[K/home/khushhal/ros2_ws/src/action_tutorials_cpp/src/fibonacci_action_client.cpp:64:35:[m[K [01;31m[Kerror: [m[Kâ€˜[01m[KGoalHandle[m[Kâ€™ does not name a type
[2.028s]    64 | void goal_response_callback(const [01;31m[KGoalHandle[m[K::SharedPtr & goal_handle)
[2.028s]       |                                   [01;31m[K^~~~~~~~~~[m[K
[2.028s] [01m[K/home/khushhal/ros2_ws/src/action_tutorials_cpp/src/fibonacci_action_client.cpp:64:57:[m[K [01;31m[Kerror: [m[Kexpected unqualified-id before â€˜[01m[K&[m[Kâ€™ token
[2.028s]    64 | void goal_response_callback(const GoalHandle::SharedPtr [01;31m[K&[m[K goal_handle)
[2.028s]       |                                                         [01;31m[K^[m[K
[2.028s] [01m[K/home/khushhal/ros2_ws/src/action_tutorials_cpp/src/fibonacci_action_client.cpp:64:56:[m[K [01;31m[Kerror: [m[Kexpected â€˜[01m[K)[m[Kâ€™ before â€˜[01m[K&[m[Kâ€™ token
[2.028s]    64 | void goal_response_callback[34m[K([m[Kconst GoalHandle::SharedPtr[01;31m[K [m[K[32m[K&[m[K goal_handle)
[2.028s]       |                            [34m[K~[m[K                           [01;31m[K^[m[K[32m[K~[m[K
[2.028s]       |                                                        [32m[K)[m[K
[2.028s] [01m[K/home/khushhal/ros2_ws/src/action_tutorials_cpp/src/fibonacci_action_client.cpp:64:57:[m[K [01;31m[Kerror: [m[Kexpected â€˜[01m[K;[m[Kâ€™ at end of member declaration
[2.029s]    64 | void goal_response_callback(const GoalHandle::SharedPtr [01;31m[K&[m[K goal_handle)
[2.029s]       |                                                         [01;31m[K^[m[K
[2.029s]       |                                                          [32m[K;[m[K
[2.031s] [01m[K/home/khushhal/ros2_ws/src/action_tutorials_cpp/src/fibonacci_action_client.cpp:64:59:[m[K [01;31m[Kerror: [m[Kâ€˜[01m[Kgoal_handle[m[Kâ€™ does not name a type
[2.031s]    64 | void goal_response_callback(const GoalHandle::SharedPtr & [01;31m[Kgoal_handle[m[K)
[2.031s]       |                                                           [01;31m[K^~~~~~~~~~~[m[K
[2.937s] gmake[2]: *** [CMakeFiles/action_client.dir/build.make:76: CMakeFiles/action_client.dir/src/fibonacci_action_client.cpp.o] Error 1
[2.937s] gmake[1]: *** [CMakeFiles/Makefile2:195: CMakeFiles/action_client.dir/all] Error 2
[2.938s] gmake: *** [Makefile:146: all] Error 2
[2.940s] Invoked command in '/home/khushhal/ros2_ws/build/action_tutorials_cpp' returned '2': AMENT_PREFIX_PATH=/home/khushhal/ros2_ws/install/action_tutorials_interfaces:${AMENT_PREFIX_PATH} CMAKE_PREFIX_PATH=/home/khushhal/ros2_ws/install/action_tutorials_interfaces:/opt/ros/jazzy/opt/sdformat_vendor:/opt/ros/jazzy/opt/gz_math_vendor:/opt/ros/jazzy/opt/gz_utils_vendor:/opt/ros/jazzy/opt/gz_tools_vendor:/opt/ros/jazzy/opt/gz_cmake_vendor:/opt/ros/jazzy DEBUGINFOD_URLS=https://debuginfod.ubuntu.com LD_LIBRARY_PATH=/home/khushhal/ros2_ws/install/action_tutorials_interfaces/lib:${LD_LIBRARY_PATH} PYTHONPATH=/home/khushhal/ros2_ws/install/action_tutorials_interfaces/lib/python3.12/site-packages:${PYTHONPATH} /usr/bin/cmake --build /home/khushhal/ros2_ws/build/action_tutorials_cpp -- -j12 -l12
