-- Found ament_cmake: 2.5.4 (/opt/ros/jazzy/share/ament_cmake/cmake)
-- Found polygon_base: 0.0.0 (/home/khushhal/ros2_ws/install/polygon_base/share/polygon_base/cmake)
-- Found pluginlib: 5.4.3 (/opt/ros/jazzy/share/pluginlib/cmake)
-- Found TinyXML2 via Config file: /usr/lib/x86_64-linux-gnu/cmake/tinyxml2
-- Found ament_lint_auto: 0.17.3 (/opt/ros/jazzy/share/ament_lint_auto/cmake)
-- Added test 'cppcheck' to perform static code analysis on C / C++ code
-- Configured cppcheck include dirs: $<BUILD_INTERFACE:/home/khushhal/ros2_ws/src/polygon_plugins/include>
-- Configured cppcheck exclude dirs and/or files: 
-- Added test 'lint_cmake' to check CMake code style
-- Added test 'uncrustify' to check C / C++ code style
-- Configured uncrustify additional arguments: 
-- Added test 'xmllint' to check XML markup files
-- Configuring done (0.3s)
-- Generating done (0.0s)
-- Build files have been written to: /home/khushhal/ros2_ws/build/polygon_plugins
[ 50%] [32mBuilding CXX object CMakeFiles/polygon_plugins.dir/src/polygon_plugins.cpp.o[0m
[01m[K/home/khushhal/ros2_ws/src/polygon_plugins/src/polygon_plugins.cpp:6:1:[m[K [01;31m[Kerror: [m[Kâ€˜[01m[KPolygonPlugins[m[Kâ€™ does not name a type
    6 | [01;31m[KPolygonPlugins[m[K::PolygonPlugins()
      | [01;31m[K^~~~~~~~~~~~~~[m[K
[01m[K/home/khushhal/ros2_ws/src/polygon_plugins/src/polygon_plugins.cpp:10:1:[m[K [01;31m[Kerror: [m[Kâ€˜[01m[KPolygonPlugins[m[Kâ€™ does not name a type
   10 | [01;31m[KPolygonPlugins[m[K::~PolygonPlugins()
      | [01;31m[K^~~~~~~~~~~~~~[m[K
gmake[2]: *** [CMakeFiles/polygon_plugins.dir/build.make:76: CMakeFiles/polygon_plugins.dir/src/polygon_plugins.cpp.o] Error 1
gmake[1]: *** [CMakeFiles/Makefile2:137: CMakeFiles/polygon_plugins.dir/all] Error 2
gmake: *** [Makefile:146: all] Error 2
