[0.007s] Invoking command in '/home/khushhal/ros2_ws/build/polygon_plugins': AMENT_PREFIX_PATH=/home/khushhal/ros2_ws/install/polygon_base:${AMENT_PREFIX_PATH} CMAKE_PREFIX_PATH=/home/khushhal/ros2_ws/install/polygon_base:/home/khushhal/ros2_ws/install/cpp_pubsub:/home/khushhal/ros2_ws/install/tutorial_interfaces:/home/khushhal/ros2_ws/install/more_interfaces:/home/khushhal/ros2_ws/install/cpp_srvcli:/home/khushhal/ros2_ws/install/cpp_parameters:/opt/ros/jazzy/opt/sdformat_vendor:/opt/ros/jazzy/opt/gz_math_vendor:/opt/ros/jazzy/opt/gz_utils_vendor:/opt/ros/jazzy/opt/gz_tools_vendor:/opt/ros/jazzy/opt/gz_cmake_vendor:/opt/ros/jazzy DEBUGINFOD_URLS=https://debuginfod.ubuntu.com /usr/bin/cmake /home/khushhal/ros2_ws/src/polygon_plugins -DCMAKE_INSTALL_PREFIX=/home/khushhal/ros2_ws/install/polygon_plugins
[0.019s] -- Found ament_cmake: 2.5.4 (/opt/ros/jazzy/share/ament_cmake/cmake)
[0.188s] -- Found polygon_base: 0.0.0 (/home/khushhal/ros2_ws/install/polygon_base/share/polygon_base/cmake)
[0.188s] -- Found pluginlib: 5.4.3 (/opt/ros/jazzy/share/pluginlib/cmake)
[0.203s] -- Found TinyXML2 via Config file: /usr/lib/x86_64-linux-gnu/cmake/tinyxml2
[0.207s] -- Found ament_lint_auto: 0.17.3 (/opt/ros/jazzy/share/ament_lint_auto/cmake)
[0.294s] -- Added test 'cppcheck' to perform static code analysis on C / C++ code
[0.294s] -- Configured cppcheck include dirs: $<BUILD_INTERFACE:/home/khushhal/ros2_ws/src/polygon_plugins/include>
[0.294s] -- Configured cppcheck exclude dirs and/or files: 
[0.295s] -- Added test 'lint_cmake' to check CMake code style
[0.296s] -- Added test 'uncrustify' to check C / C++ code style
[0.296s] -- Configured uncrustify additional arguments: 
[0.296s] -- Added test 'xmllint' to check XML markup files
[0.298s] -- Configuring done (0.3s)
[0.302s] -- Generating done (0.0s)
[0.304s] -- Build files have been written to: /home/khushhal/ros2_ws/build/polygon_plugins
[0.309s] Invoked command in '/home/khushhal/ros2_ws/build/polygon_plugins' returned '0': AMENT_PREFIX_PATH=/home/khushhal/ros2_ws/install/polygon_base:${AMENT_PREFIX_PATH} CMAKE_PREFIX_PATH=/home/khushhal/ros2_ws/install/polygon_base:/home/khushhal/ros2_ws/install/cpp_pubsub:/home/khushhal/ros2_ws/install/tutorial_interfaces:/home/khushhal/ros2_ws/install/more_interfaces:/home/khushhal/ros2_ws/install/cpp_srvcli:/home/khushhal/ros2_ws/install/cpp_parameters:/opt/ros/jazzy/opt/sdformat_vendor:/opt/ros/jazzy/opt/gz_math_vendor:/opt/ros/jazzy/opt/gz_utils_vendor:/opt/ros/jazzy/opt/gz_tools_vendor:/opt/ros/jazzy/opt/gz_cmake_vendor:/opt/ros/jazzy DEBUGINFOD_URLS=https://debuginfod.ubuntu.com /usr/bin/cmake /home/khushhal/ros2_ws/src/polygon_plugins -DCMAKE_INSTALL_PREFIX=/home/khushhal/ros2_ws/install/polygon_plugins
[0.310s] Invoking command in '/home/khushhal/ros2_ws/build/polygon_plugins': AMENT_PREFIX_PATH=/home/khushhal/ros2_ws/install/polygon_base:${AMENT_PREFIX_PATH} CMAKE_PREFIX_PATH=/home/khushhal/ros2_ws/install/polygon_base:/home/khushhal/ros2_ws/install/cpp_pubsub:/home/khushhal/ros2_ws/install/tutorial_interfaces:/home/khushhal/ros2_ws/install/more_interfaces:/home/khushhal/ros2_ws/install/cpp_srvcli:/home/khushhal/ros2_ws/install/cpp_parameters:/opt/ros/jazzy/opt/sdformat_vendor:/opt/ros/jazzy/opt/gz_math_vendor:/opt/ros/jazzy/opt/gz_utils_vendor:/opt/ros/jazzy/opt/gz_tools_vendor:/opt/ros/jazzy/opt/gz_cmake_vendor:/opt/ros/jazzy DEBUGINFOD_URLS=https://debuginfod.ubuntu.com /usr/bin/cmake --build /home/khushhal/ros2_ws/build/polygon_plugins -- -j12 -l12
[0.357s] [ 50%] [32mBuilding CXX object CMakeFiles/polygon_plugins.dir/src/polygon_plugins.cpp.o[0m
[0.693s] [01m[K/home/khushhal/ros2_ws/src/polygon_plugins/src/polygon_plugins.cpp:6:1:[m[K [01;31m[Kerror: [m[Kâ€˜[01m[KPolygonPlugins[m[Kâ€™ does not name a type
[0.693s]     6 | [01;31m[KPolygonPlugins[m[K::PolygonPlugins()
[0.693s]       | [01;31m[K^~~~~~~~~~~~~~[m[K
[0.693s] [01m[K/home/khushhal/ros2_ws/src/polygon_plugins/src/polygon_plugins.cpp:10:1:[m[K [01;31m[Kerror: [m[Kâ€˜[01m[KPolygonPlugins[m[Kâ€™ does not name a type
[0.693s]    10 | [01;31m[KPolygonPlugins[m[K::~PolygonPlugins()
[0.694s]       | [01;31m[K^~~~~~~~~~~~~~[m[K
[0.786s] gmake[2]: *** [CMakeFiles/polygon_plugins.dir/build.make:76: CMakeFiles/polygon_plugins.dir/src/polygon_plugins.cpp.o] Error 1
[0.786s] gmake[1]: *** [CMakeFiles/Makefile2:137: CMakeFiles/polygon_plugins.dir/all] Error 2
[0.786s] gmake: *** [Makefile:146: all] Error 2
[0.789s] Invoked command in '/home/khushhal/ros2_ws/build/polygon_plugins' returned '2': AMENT_PREFIX_PATH=/home/khushhal/ros2_ws/install/polygon_base:${AMENT_PREFIX_PATH} CMAKE_PREFIX_PATH=/home/khushhal/ros2_ws/install/polygon_base:/home/khushhal/ros2_ws/install/cpp_pubsub:/home/khushhal/ros2_ws/install/tutorial_interfaces:/home/khushhal/ros2_ws/install/more_interfaces:/home/khushhal/ros2_ws/install/cpp_srvcli:/home/khushhal/ros2_ws/install/cpp_parameters:/opt/ros/jazzy/opt/sdformat_vendor:/opt/ros/jazzy/opt/gz_math_vendor:/opt/ros/jazzy/opt/gz_utils_vendor:/opt/ros/jazzy/opt/gz_tools_vendor:/opt/ros/jazzy/opt/gz_cmake_vendor:/opt/ros/jazzy DEBUGINFOD_URLS=https://debuginfod.ubuntu.com /usr/bin/cmake --build /home/khushhal/ros2_ws/build/polygon_plugins -- -j12 -l12
