[  2%] Built target more_interfaces__rosidl_generator_type_description
[  2%] Built target ament_cmake_python_copy_more_interfaces
[  5%] Built target more_interfaces__cpp
[ 19%] Built target more_interfaces__rosidl_generator_c
[ 36%] Built target more_interfaces__rosidl_typesupport_cpp
[ 36%] Built target more_interfaces__rosidl_typesupport_introspection_c
[ 44%] Built target more_interfaces__rosidl_typesupport_c
[ 52%] Built target more_interfaces__rosidl_typesupport_introspection_cpp
[ 61%] Built target more_interfaces__rosidl_typesupport_fastrtps_cpp
[ 69%] Built target more_interfaces__rosidl_typesupport_fastrtps_c
[ 69%] Built target more_interfaces
[ 72%] Built target more_interfaces__py
[ 75%] [32mBuilding CXX object CMakeFiles/publish_address_book.dir/src/publish_address_book.cpp.o[0m
[ 80%] Built target more_interfaces__rosidl_generator_py
[ 97%] Built target more_interfaces_s__rosidl_typesupport_c
[ 97%] Built target more_interfaces_s__rosidl_typesupport_introspection_c
[ 97%] Built target more_interfaces_s__rosidl_typesupport_fastrtps_c
running egg_info
writing more_interfaces.egg-info/PKG-INFO
writing dependency_links to more_interfaces.egg-info/dependency_links.txt
writing top-level names to more_interfaces.egg-info/top_level.txt
reading manifest file 'more_interfaces.egg-info/SOURCES.txt'
writing manifest file 'more_interfaces.egg-info/SOURCES.txt'
[ 97%] Built target ament_cmake_python_build_more_interfaces_egg
[01m[K/home/khushhal/ros2_ws/src/more_interfaces/src/publish_address_book.cpp:[m[K In constructor â€˜[01m[KAddresssBookPublisher::[01;32m[KAddresssBookPublisher[m[K()[m[Kâ€™:
[01m[K/home/khushhal/ros2_ws/src/more_interfaces/src/publish_address_book.cpp:15:40:[m[K [01;31m[Kerror: [m[Kparse error in template argument list
   15 |         address_book_publisher_= this->[01;31m[Kcreate_publisher<more_interfaces[m[K;:msg::AddressBook>("address_book",10);
      |                                        [01;31m[K^~~~~~~~~~~~~~~~~~~~~~~~~~~~~~~~[m[K
[01m[K/home/khushhal/ros2_ws/src/more_interfaces/src/publish_address_book.cpp:15:40:[m[K [01;31m[Kerror: [m[Kno match for â€˜[01m[Koperator=[m[Kâ€™ (operand types are â€˜[01m[Krclcpp::Publisher<more_interfaces::msg::AddressBook_<std::allocator<void> > >::SharedPtr[m[Kâ€™ {aka â€˜[01m[Kstd::shared_ptr<rclcpp::Publisher<more_interfaces::msg::AddressBook_<std::allocator<void> > > >[m[Kâ€™} and â€˜[01m[K<unresolved overloaded function type>[m[Kâ€™)
In file included from [01m[K/usr/include/c++/13/memory:80[m[K,
                 from [01m[K/home/khushhal/ros2_ws/src/more_interfaces/src/publish_address_book.cpp:2[m[K:
[01m[K/usr/include/c++/13/bits/shared_ptr.h:418:9:[m[K [01;36m[Knote: [m[Kcandidate: â€˜[01m[Ktemplate<class _Yp> std::shared_ptr<_Tp>::_Assignable<const std::shared_ptr<_Yp>&> std::shared_ptr<_Tp>::[01;32m[Koperator=[m[K(const std::shared_ptr<_Yp>&) [35m[K[with _Tp = rclcpp::Publisher<more_interfaces::msg::AddressBook_<std::allocator<void> > >][m[K[m[Kâ€™
  418 |         [01;36m[Koperator[m[K=(const shared_ptr<_Yp>& __r) noexcept
      |         [01;36m[K^~~~~~~~[m[K
[01m[K/usr/include/c++/13/bits/shared_ptr.h:418:9:[m[K [01;36m[Knote: [m[K  template argument deduction/substitution failed:
[01m[K/home/khushhal/ros2_ws/src/more_interfaces/src/publish_address_book.cpp:15:40:[m[K [01;36m[Knote: [m[K  couldnâ€™t deduce template parameter â€˜[01m[K_Yp[m[Kâ€™
   15 |         address_book_publisher_= this->[01;36m[Kcreate_publisher<more_interfaces[m[K;:msg::AddressBook>("address_book",10);
      |                                        [01;36m[K^~~~~~~~~~~~~~~~~~~~~~~~~~~~~~~~[m[K
[01m[K/usr/include/c++/13/bits/shared_ptr.h:429:9:[m[K [01;36m[Knote: [m[Kcandidate: â€˜[01m[Ktemplate<class _Yp> std::shared_ptr<_Tp>::_Assignable<std::auto_ptr<_Up> > std::shared_ptr<_Tp>::[01;32m[Koperator=[m[K(std::auto_ptr<_Up>&&) [35m[K[with _Tp = rclcpp::Publisher<more_interfaces::msg::AddressBook_<std::allocator<void> > >][m[K[m[Kâ€™
  429 |         [01;36m[Koperator[m[K=(auto_ptr<_Yp>&& __r)
      |         [01;36m[K^~~~~~~~[m[K
[01m[K/usr/include/c++/13/bits/shared_ptr.h:429:9:[m[K [01;36m[Knote: [m[K  template argument deduction/substitution failed:
[01m[K/home/khushhal/ros2_ws/src/more_interfaces/src/publish_address_book.cpp:15:40:[m[K [01;36m[Knote: [m[K  couldnâ€™t deduce template parameter â€˜[01m[K_Yp[m[Kâ€™
   15 |         address_book_publisher_= this->[01;36m[Kcreate_publisher<more_interfaces[m[K;:msg::AddressBook>("address_book",10);
      |                                        [01;36m[K^~~~~~~~~~~~~~~~~~~~~~~~~~~~~~~~[m[K
[01m[K/usr/include/c++/13/bits/shared_ptr.h:446:9:[m[K [01;36m[Knote: [m[Kcandidate: â€˜[01m[Ktemplate<class _Yp> std::shared_ptr<_Tp>::_Assignable<std::shared_ptr<_Yp> > std::shared_ptr<_Tp>::[01;32m[Koperator=[m[K(std::shared_ptr<_Yp>&&) [35m[K[with _Tp = rclcpp::Publisher<more_interfaces::msg::AddressBook_<std::allocator<void> > >][m[K[m[Kâ€™
  446 |         [01;36m[Koperator[m[K=(shared_ptr<_Yp>&& __r) noexcept
      |         [01;36m[K^~~~~~~~[m[K
[01m[K/usr/include/c++/13/bits/shared_ptr.h:446:9:[m[K [01;36m[Knote: [m[K  template argument deduction/substitution failed:
[01m[K/home/khushhal/ros2_ws/src/more_interfaces/src/publish_address_book.cpp:15:40:[m[K [01;36m[Knote: [m[K  couldnâ€™t deduce template parameter â€˜[01m[K_Yp[m[Kâ€™
   15 |         address_book_publisher_= this->[01;36m[Kcreate_publisher<more_interfaces[m[K;:msg::AddressBook>("address_book",10);
      |                                        [01;36m[K^~~~~~~~~~~~~~~~~~~~~~~~~~~~~~~~[m[K
[01m[K/usr/include/c++/13/bits/shared_ptr.h:454:9:[m[K [01;36m[Knote: [m[Kcandidate: â€˜[01m[Ktemplate<class _Yp, class _Del> std::shared_ptr<_Tp>::_Assignable<std::unique_ptr<_Up, _Ep> > std::shared_ptr<_Tp>::[01;32m[Koperator=[m[K(std::unique_ptr<_Up, _Ep>&&) [35m[K[with _Del = _Yp; _Tp = rclcpp::Publisher<more_interfaces::msg::AddressBook_<std::allocator<void> > >][m[K[m[Kâ€™
  454 |         [01;36m[Koperator[m[K=(unique_ptr<_Yp, _Del>&& __r)
      |         [01;36m[K^~~~~~~~[m[K
[01m[K/usr/include/c++/13/bits/shared_ptr.h:454:9:[m[K [01;36m[Knote: [m[K  template argument deduction/substitution failed:
[01m[K/home/khushhal/ros2_ws/src/more_interfaces/src/publish_address_book.cpp:15:40:[m[K [01;36m[Knote: [m[K  couldnâ€™t deduce template parameter â€˜[01m[K_Yp[m[Kâ€™
   15 |         address_book_publisher_= this->[01;36m[Kcreate_publisher<more_interfaces[m[K;:msg::AddressBook>("address_book",10);
      |                                        [01;36m[K^~~~~~~~~~~~~~~~~~~~~~~~~~~~~~~~[m[K
[01m[K/usr/include/c++/13/bits/shared_ptr.h:414:19:[m[K [01;36m[Knote: [m[Kcandidate: â€˜[01m[Kstd::shared_ptr<_Tp>& std::shared_ptr<_Tp>::[01;32m[Koperator=[m[K(const std::shared_ptr<_Tp>&) [35m[K[with _Tp = rclcpp::Publisher<more_interfaces::msg::AddressBook_<std::allocator<void> > >][m[K[m[Kâ€™
  414 |       shared_ptr& [01;36m[Koperator[m[K=(const shared_ptr&) noexcept = default;
      |                   [01;36m[K^~~~~~~~[m[K
[01m[K/usr/include/c++/13/bits/shared_ptr.h:414:29:[m[K [01;36m[Knote: [m[K  no known conversion for argument 1 from â€˜[01m[K<unresolved overloaded function type>[m[Kâ€™ to â€˜[01m[Kconst std::shared_ptr<rclcpp::Publisher<more_interfaces::msg::AddressBook_<std::allocator<void> > > >&[m[Kâ€™
  414 |       shared_ptr& operator=([01;36m[Kconst shared_ptr&[m[K) noexcept = default;
      |                             [01;36m[K^~~~~~~~~~~~~~~~~[m[K
[01m[K/usr/include/c++/13/bits/shared_ptr.h:438:7:[m[K [01;36m[Knote: [m[Kcandidate: â€˜[01m[Kstd::shared_ptr<_Tp>& std::shared_ptr<_Tp>::[01;32m[Koperator=[m[K(std::shared_ptr<_Tp>&&) [35m[K[with _Tp = rclcpp::Publisher<more_interfaces::msg::AddressBook_<std::allocator<void> > >][m[K[m[Kâ€™
  438 |       [01;36m[Koperator[m[K=(shared_ptr&& __r) noexcept
      |       [01;36m[K^~~~~~~~[m[K
[01m[K/usr/include/c++/13/bits/shared_ptr.h:438:30:[m[K [01;36m[Knote: [m[K  no known conversion for argument 1 from â€˜[01m[K<unresolved overloaded function type>[m[Kâ€™ to â€˜[01m[Kstd::shared_ptr<rclcpp::Publisher<more_interfaces::msg::AddressBook_<std::allocator<void> > > >&&[m[Kâ€™
  438 |       operator=([01;36m[Kshared_ptr&& __r[m[K) noexcept
      |                 [01;36m[K~~~~~~~~~~~~~^~~[m[K
[01m[K/home/khushhal/ros2_ws/src/more_interfaces/src/publish_address_book.cpp:15:73:[m[K [01;31m[Kerror: [m[Kexpected primary-expression before â€˜[01m[K:[m[Kâ€™ token
   15 |         address_book_publisher_= this->create_publisher<more_interfaces;[01;31m[K:[m[Kmsg::AddressBook>("address_book",10);
      |                                                                         [01;31m[K^[m[K
[01m[K/home/khushhal/ros2_ws/src/more_interfaces/src/publish_address_book.cpp:[m[K In lambda function:
[01m[K/home/khushhal/ros2_ws/src/more_interfaces/src/publish_address_book.cpp:21:21:[m[K [01;31m[Kerror: [m[Kâ€˜[01m[Kstruct more_interfaces::msg::AddressBook_<std::allocator<void> >[m[Kâ€™ has no member named â€˜[01m[Kpphone_number[m[Kâ€™; did you mean â€˜[01m[Kphone_number[m[Kâ€™?
   21 |             message.[01;31m[Kpphone_number[m[K="1234567899";
      |                     [01;31m[K^~~~~~~~~~~~~[m[K
      |                     [32m[Kphone_number[m[K
[01m[K/home/khushhal/ros2_ws/src/more_interfaces/src/publish_address_book.cpp:[m[K In function â€˜[01m[Kint[01;32m[K main[m[K(int, char**)[m[Kâ€™:
[01m[K/home/khushhal/ros2_ws/src/more_interfaces/src/publish_address_book.cpp:39:33:[m[K [01;31m[Kerror: [m[Kâ€˜[01m[KAddressBookPublisher[m[Kâ€™ was not declared in this scope; did you mean â€˜[01m[KAddresssBookPublisher[m[Kâ€™?
   39 |   rclcpp::spin(std::make_shared<[01;31m[KAddressBookPublisher[m[K>());
      |                                 [01;31m[K^~~~~~~~~~~~~~~~~~~~[m[K
      |                                 [32m[KAddresssBookPublisher[m[K
[01m[K/home/khushhal/ros2_ws/src/more_interfaces/src/publish_address_book.cpp:39:54:[m[K [01;31m[Kerror: [m[Kno matching function for call to â€˜[01m[Kmake_shared<<expression error> >()[m[Kâ€™
   39 |   rclcpp::spin([01;31m[Kstd::make_shared<AddressBookPublisher>()[m[K);
      |                [01;31m[K~~~~~~~~~~~~~~~~~~~~~~~~~~~~~~~~~~~~~~^~[m[K
[01m[K/usr/include/c++/13/bits/shared_ptr.h:1005:5:[m[K [01;36m[Knote: [m[Kcandidate: â€˜[01m[Ktemplate<class _Tp, class ... _Args> std::shared_ptr<typename std::enable_if<(! std::is_array< <template-parameter-1-1> >::value), _Tp>::type> std::[01;32m[Kmake_shared[m[K(_Args&& ...)[m[Kâ€™
 1005 |     [01;36m[Kmake_shared[m[K(_Args&&... __args)
      |     [01;36m[K^~~~~~~~~~~[m[K
[01m[K/usr/include/c++/13/bits/shared_ptr.h:1005:5:[m[K [01;36m[Knote: [m[K  template argument deduction/substitution failed:
[01m[K/home/khushhal/ros2_ws/src/more_interfaces/src/publish_address_book.cpp:39:54:[m[K [01;31m[Kerror: [m[Ktemplate argument 1 is invalid
   39 |   rclcpp::spin([01;31m[Kstd::make_shared<AddressBookPublisher>()[m[K);
      |                [01;31m[K~~~~~~~~~~~~~~~~~~~~~~~~~~~~~~~~~~~~~~^~[m[K
gmake[2]: *** [CMakeFiles/publish_address_book.dir/build.make:76: CMakeFiles/publish_address_book.dir/src/publish_address_book.cpp.o] Error 1
gmake[1]: *** [CMakeFiles/Makefile2:626: CMakeFiles/publish_address_book.dir/all] Error 2
gmake: *** [Makefile:146: all] Error 2
